INFO - 2019-02-11 13:35:32,170 - Starting log
INFO - 2019-02-11 13:35:32,274 - KeyTracker.track: key=space
INFO - 2019-02-11 13:35:33,990 - Page_Start_Experiment: load_experiment
INFO - 2019-02-11 13:35:38,508 - Page_Start_Experiment: load_dir
INFO - 2019-02-11 13:35:43,206 - Page_Start_Experiment: load_experiment
INFO - 2019-02-11 13:35:46,178 - Page_Start_Experiment: load_dir
INFO - 2019-02-11 13:35:52,264 - load_stimulus: current_stimulus=0 stimulus type=Video
INFO - 2019-02-11 13:35:52,264 - Video_Displayer.__init__: file_name=C:/Users/jeffr/Documents/Standard Documents/Programming/Projects/VS Code DEV/SignRecorder/test_files/test_videos/Microsoft Edge 05_02_2019 23_54_51.mp4
INFO - 2019-02-11 13:35:52,316 - Video_Displayer.begin C:/Users/jeffr/Documents/Standard Documents/Programming/Projects/VS Code DEV/SignRecorder/test_files/test_videos/Microsoft Edge 05_02_2019 23_54_51.mp4 running at fps=30
INFO - 2019-02-11 13:35:52,814 - on_button_space_press: current_stimulus=0 recording=False
INFO - 2019-02-11 13:35:56,366 - on_button_space_press: current_stimulus=0 recording=False
INFO - 2019-02-11 13:35:57,721 - on_button_space_press: current_stimulus=0 recording=False
INFO - 2019-02-11 13:35:58,585 - on_button_space_press: current_stimulus=0 recording=False
INFO - 2019-02-11 13:35:58,780 - on_button_space_press: current_stimulus=0 recording=False
INFO - 2019-02-11 13:35:58,972 - on_button_space_press: current_stimulus=0 recording=False
INFO - 2019-02-11 13:36:06,767 - on_button_space_press: current_stimulus=0 recording=False
INFO - 2019-02-11 13:36:06,963 - on_button_space_press: current_stimulus=0 recording=False
INFO - 2019-02-11 13:36:08,212 - on_button_space_press: current_stimulus=0 recording=False
INFO - 2019-02-11 13:36:12,062 - KeyTracker.report_key_release_callback: key=space is released= True
INFO - 2019-02-11 13:36:12,062 - on_button_space_release: current_stimulus=0
INFO - 2019-02-11 13:36:12,063 - Recorder.__init__: name= fps=0 mirror=True
INFO - 2019-02-11 13:36:12,405 - Recorder.begin: starting recording loop
